[2017-09-30 10:47:59] [info]  [154616] Commons Daemon procrun (1.0.15.0 64-bit) started
[2017-09-30 10:47:59] [info]  [154616] Service Tomcat8 name Apache Tomcat 8.0 Tomcat8
[2017-09-30 10:47:59] [info]  [154616] Service 'Tomcat8' installed
[2017-09-30 10:47:59] [info]  [154616] Commons Daemon procrun finished
[2017-09-30 10:48:06] [info]  [155244] Commons Daemon procrun (1.0.15.0 64-bit) started
[2017-09-30 10:48:06] [info]  [155244] Updating service...
[2017-09-30 10:48:06] [info]  [155244] Service 'Tomcat8' updated
[2017-09-30 10:48:06] [info]  [155244] Update service finished.
[2017-09-30 10:48:06] [info]  [155244] Commons Daemon procrun finished
[2017-09-30 10:48:06] [info]  [158656] Commons Daemon procrun (1.0.15.0 64-bit) started
[2017-09-30 10:48:06] [info]  [158656] Updating service...
[2017-09-30 10:48:06] [info]  [158656] Service 'Tomcat8' updated
[2017-09-30 10:48:06] [info]  [158656] Update service finished.
[2017-09-30 10:48:06] [info]  [158656] Commons Daemon procrun finished
[2017-09-30 10:48:06] [info]  [142328] Commons Daemon procrun (1.0.15.0 64-bit) started
[2017-09-30 10:48:06] [info]  [142328] Updating service...
[2017-09-30 10:48:06] [info]  [142328] Service 'Tomcat8' updated
[2017-09-30 10:48:06] [info]  [142328] Update service finished.
[2017-09-30 10:48:06] [info]  [142328] Commons Daemon procrun finished
[2017-09-30 10:49:31] [info]  [146924] Commons Daemon procrun (1.0.15.0 64-bit) started
[2017-09-30 10:49:31] [info]  [146924] Running 'Tomcat8' Service...
[2017-09-30 10:49:31] [info]  [156112] Starting service...
[2017-09-30 10:49:32] [info]  [156112] Service started in 1528 ms.
[2017-09-30 10:51:17] [info]  [131964] Stopping service...
[2017-09-30 10:51:18] [info]  [131964] Service stop thread completed.
[2017-09-30 10:51:18] [info]  [146924] Run service finished.
[2017-09-30 10:51:18] [info]  [146924] Commons Daemon procrun finished
[2017-09-30 10:51:38] [info]  [159708] Commons Daemon procrun (1.0.15.0 64-bit) started
[2017-09-30 10:51:38] [info]  [159708] Running 'Tomcat8' Service...
[2017-09-30 10:51:38] [info]  [101888] Starting service...
[2017-09-30 10:51:39] [info]  [101888] Service started in 1185 ms.
[2017-09-30 10:57:45] [info]  [159468] Stopping service...
[2017-09-30 10:57:46] [info]  [159468] Service stop thread completed.
[2017-09-30 10:57:46] [info]  [159708] Run service finished.
[2017-09-30 10:57:46] [info]  [159708] Commons Daemon procrun finished
[2017-09-30 10:59:13] [info]  [97896] Commons Daemon procrun (1.0.15.0 64-bit) started
[2017-09-30 10:59:13] [info]  [97896] Running 'Tomcat8' Service...
[2017-09-30 10:59:13] [info]  [159340] Starting service...
[2017-09-30 10:59:14] [info]  [159340] Service started in 1159 ms.
[2017-09-30 15:03:58] [info]  [155960] Commons Daemon procrun (1.0.15.0 64-bit) started
[2017-09-30 15:03:58] [info]  [155960] Debugging 'Tomcat8' service...
[2017-09-30 15:03:58] [info]  [155960] Starting service...
[2017-09-30 15:03:58] [error] [170752] FindClass org/apache/catalina/startup/Bootstrap failed
[2017-09-30 15:03:58] [error] [155960] Failed to start Java
[2017-09-30 15:03:58] [error] [155960] ServiceStart returned 4
[2017-09-30 15:03:58] [info]  [155960] Debug service finished with exit code 4
[2017-09-30 15:03:58] [error] [155960] Commons Daemon procrun failed with exit value: 3 (Failed to run service as console application)
