
2017-09-30 10:49:31 Commons Daemon procrun stderr initialized
30-Sep-2017 10:49:32.501 INFO [main] org.apache.catalina.startup.VersionLoggerListener.log Server version:        Apache Tomcat/8.0.46
30-Sep-2017 10:49:32.517 INFO [main] org.apache.catalina.startup.VersionLoggerListener.log Server built:          Aug 10 2017 10:10:31 UTC
30-Sep-2017 10:49:32.517 INFO [main] org.apache.catalina.startup.VersionLoggerListener.log Server number:         8.0.46.0
30-Sep-2017 10:49:32.517 INFO [main] org.apache.catalina.startup.VersionLoggerListener.log OS Name:               Windows 10
30-Sep-2017 10:49:32.517 INFO [main] org.apache.catalina.startup.VersionLoggerListener.log OS Version:            10.0
30-Sep-2017 10:49:32.517 INFO [main] org.apache.catalina.startup.VersionLoggerListener.log Architecture:          amd64
30-Sep-2017 10:49:32.517 INFO [main] org.apache.catalina.startup.VersionLoggerListener.log Java Home:             C:\Program Files\Java\jre1.8.0_144
30-Sep-2017 10:49:32.517 INFO [main] org.apache.catalina.startup.VersionLoggerListener.log JVM Version:           1.8.0_144-b01
30-Sep-2017 10:49:32.517 INFO [main] org.apache.catalina.startup.VersionLoggerListener.log JVM Vendor:            Oracle Corporation
30-Sep-2017 10:49:32.517 INFO [main] org.apache.catalina.startup.VersionLoggerListener.log CATALINA_BASE:         C:\Program Files\Apache Software Foundation\Tomcat 8.0
30-Sep-2017 10:49:32.517 INFO [main] org.apache.catalina.startup.VersionLoggerListener.log CATALINA_HOME:         C:\Program Files\Apache Software Foundation\Tomcat 8.0
30-Sep-2017 10:49:32.517 INFO [main] org.apache.catalina.startup.VersionLoggerListener.log Command line argument: -Dcatalina.home=C:\Program Files\Apache Software Foundation\Tomcat 8.0
30-Sep-2017 10:49:32.517 INFO [main] org.apache.catalina.startup.VersionLoggerListener.log Command line argument: -Dcatalina.base=C:\Program Files\Apache Software Foundation\Tomcat 8.0
30-Sep-2017 10:49:32.517 INFO [main] org.apache.catalina.startup.VersionLoggerListener.log Command line argument: -Djava.endorsed.dirs=C:\Program Files\Apache Software Foundation\Tomcat 8.0\endorsed
30-Sep-2017 10:49:32.517 INFO [main] org.apache.catalina.startup.VersionLoggerListener.log Command line argument: -Djava.io.tmpdir=C:\Program Files\Apache Software Foundation\Tomcat 8.0\temp
30-Sep-2017 10:49:32.517 INFO [main] org.apache.catalina.startup.VersionLoggerListener.log Command line argument: -Djava.util.logging.manager=org.apache.juli.ClassLoaderLogManager
30-Sep-2017 10:49:32.517 INFO [main] org.apache.catalina.startup.VersionLoggerListener.log Command line argument: -Djava.util.logging.config.file=C:\Program Files\Apache Software Foundation\Tomcat 8.0\conf\logging.properties
30-Sep-2017 10:49:32.517 INFO [main] org.apache.catalina.startup.VersionLoggerListener.log Command line argument: exit
30-Sep-2017 10:49:32.517 INFO [main] org.apache.catalina.startup.VersionLoggerListener.log Command line argument: -Xms128m
30-Sep-2017 10:49:32.517 INFO [main] org.apache.catalina.startup.VersionLoggerListener.log Command line argument: -Xmx256m
30-Sep-2017 10:49:32.517 INFO [main] org.apache.catalina.core.AprLifecycleListener.lifecycleEvent The APR based Apache Tomcat Native library which allows optimal performance in production environments was not found on the java.library.path: C:\Program Files\Apache Software Foundation\Tomcat 8.0\bin;C:\WINDOWS\Sun\Java\bin;C:\WINDOWS\system32;C:\WINDOWS;C:\ProgramData\Oracle\Java\javapath;C:\WINDOWS\system32;C:\WINDOWS;C:\WINDOWS\System32\Wbem;C:\WINDOWS\System32\WindowsPowerShell\v1.0\;C:\Program Files (x86)\GtkSharp\2.12\bin;C:\Program Files\Git\cmd;%JAVA_HOME%\bin;C:\Program Files\nodejs\;C:\WINDOWS\system32\config\systemprofile\AppData\Local\Microsoft\WindowsApps;.
30-Sep-2017 10:49:33.184 INFO [main] org.apache.coyote.AbstractProtocol.init Initializing ProtocolHandler ["http-nio-8080"]
30-Sep-2017 10:49:33.386 INFO [main] org.apache.tomcat.util.net.NioSelectorPool.getSharedSelector Using a shared selector for servlet write/read
30-Sep-2017 10:49:33.386 INFO [main] org.apache.coyote.AbstractProtocol.init Initializing ProtocolHandler ["ajp-nio-8009"]
30-Sep-2017 10:49:33.386 INFO [main] org.apache.tomcat.util.net.NioSelectorPool.getSharedSelector Using a shared selector for servlet write/read
30-Sep-2017 10:49:33.386 INFO [main] org.apache.catalina.startup.Catalina.load Initialization processed in 1566 ms
30-Sep-2017 10:49:33.418 INFO [main] org.apache.catalina.core.StandardService.startInternal Starting service Catalina
30-Sep-2017 10:49:33.418 INFO [main] org.apache.catalina.core.StandardEngine.startInternal Starting Servlet Engine: Apache Tomcat/8.0.46
30-Sep-2017 10:49:33.433 INFO [localhost-startStop-1] org.apache.catalina.startup.HostConfig.deployDirectory Deploying web application directory C:\Program Files\Apache Software Foundation\Tomcat 8.0\webapps\docs
30-Sep-2017 10:49:33.903 INFO [localhost-startStop-1] org.apache.catalina.startup.HostConfig.deployDirectory Deployment of web application directory C:\Program Files\Apache Software Foundation\Tomcat 8.0\webapps\docs has finished in 470 ms
30-Sep-2017 10:49:33.903 INFO [localhost-startStop-1] org.apache.catalina.startup.HostConfig.deployDirectory Deploying web application directory C:\Program Files\Apache Software Foundation\Tomcat 8.0\webapps\examples
30-Sep-2017 10:49:34.389 INFO [localhost-startStop-1] org.apache.catalina.startup.HostConfig.deployDirectory Deployment of web application directory C:\Program Files\Apache Software Foundation\Tomcat 8.0\webapps\examples has finished in 486 ms
30-Sep-2017 10:49:34.389 INFO [localhost-startStop-1] org.apache.catalina.startup.HostConfig.deployDirectory Deploying web application directory C:\Program Files\Apache Software Foundation\Tomcat 8.0\webapps\manager
30-Sep-2017 10:49:34.452 INFO [localhost-startStop-1] org.apache.catalina.startup.HostConfig.deployDirectory Deployment of web application directory C:\Program Files\Apache Software Foundation\Tomcat 8.0\webapps\manager has finished in 63 ms
30-Sep-2017 10:49:34.452 INFO [localhost-startStop-1] org.apache.catalina.startup.HostConfig.deployDirectory Deploying web application directory C:\Program Files\Apache Software Foundation\Tomcat 8.0\webapps\ROOT
30-Sep-2017 10:49:34.489 INFO [localhost-startStop-1] org.apache.catalina.startup.HostConfig.deployDirectory Deployment of web application directory C:\Program Files\Apache Software Foundation\Tomcat 8.0\webapps\ROOT has finished in 37 ms
30-Sep-2017 10:49:34.489 INFO [main] org.apache.coyote.AbstractProtocol.start Starting ProtocolHandler ["http-nio-8080"]
30-Sep-2017 10:49:34.489 INFO [main] org.apache.coyote.AbstractProtocol.start Starting ProtocolHandler ["ajp-nio-8009"]
30-Sep-2017 10:49:34.505 INFO [main] org.apache.catalina.startup.Catalina.start Server startup in 1106 ms
30-Sep-2017 10:50:57.863 WARNING [main] org.apache.catalina.core.StandardServer.await StandardServer.await: Invalid command 'GET / HTTP/1.1' received
30-Sep-2017 10:51:02.905 WARNING [main] org.apache.catalina.core.StandardServer.await StandardServer.await: Invalid command 'GET / HTTP/1.1' received
30-Sep-2017 10:51:03.207 WARNING [main] org.apache.catalina.core.StandardServer.await StandardServer.await: Invalid command 'GET / HTTP/1.1' received
30-Sep-2017 10:51:13.465 WARNING [main] org.apache.catalina.core.StandardServer.await StandardServer.await: read: 
 java.net.SocketTimeoutException: Read timed out
	at java.net.SocketInputStream.socketRead0(Native Method)
	at java.net.SocketInputStream.socketRead(Unknown Source)
	at java.net.SocketInputStream.read(Unknown Source)
	at java.net.SocketInputStream.read(Unknown Source)
	at java.net.SocketInputStream.read(Unknown Source)
	at org.apache.catalina.core.StandardServer.await(StandardServer.java:496)
	at org.apache.catalina.startup.Catalina.await(Catalina.java:718)
	at org.apache.catalina.startup.Catalina.start(Catalina.java:664)
	at sun.reflect.NativeMethodAccessorImpl.invoke0(Native Method)
	at sun.reflect.NativeMethodAccessorImpl.invoke(Unknown Source)
	at sun.reflect.DelegatingMethodAccessorImpl.invoke(Unknown Source)
	at java.lang.reflect.Method.invoke(Unknown Source)
	at org.apache.catalina.startup.Bootstrap.start(Bootstrap.java:351)
	at org.apache.catalina.startup.Bootstrap.main(Bootstrap.java:485)

30-Sep-2017 10:51:13.465 WARNING [main] org.apache.catalina.core.StandardServer.await StandardServer.await: Invalid command '' received
30-Sep-2017 10:51:17.077 INFO [Thread-6] org.apache.coyote.AbstractProtocol.pause Pausing ProtocolHandler ["http-nio-8080"]
30-Sep-2017 10:51:17.136 INFO [Thread-6] org.apache.coyote.AbstractProtocol.pause Pausing ProtocolHandler ["ajp-nio-8009"]
30-Sep-2017 10:51:17.198 INFO [Thread-6] org.apache.catalina.core.StandardService.stopInternal Stopping service Catalina
30-Sep-2017 10:51:17.230 INFO [Thread-6] org.apache.coyote.AbstractProtocol.stop Stopping ProtocolHandler ["http-nio-8080"]
30-Sep-2017 10:51:17.232 INFO [Thread-6] org.apache.coyote.AbstractProtocol.stop Stopping ProtocolHandler ["ajp-nio-8009"]

2017-09-30 10:51:38 Commons Daemon procrun stderr initialized
30-Sep-2017 10:51:39.288 INFO [main] org.apache.catalina.startup.VersionLoggerListener.log Server version:        Apache Tomcat/8.0.46
30-Sep-2017 10:51:39.292 INFO [main] org.apache.catalina.startup.VersionLoggerListener.log Server built:          Aug 10 2017 10:10:31 UTC
30-Sep-2017 10:51:39.292 INFO [main] org.apache.catalina.startup.VersionLoggerListener.log Server number:         8.0.46.0
30-Sep-2017 10:51:39.292 INFO [main] org.apache.catalina.startup.VersionLoggerListener.log OS Name:               Windows 10
30-Sep-2017 10:51:39.292 INFO [main] org.apache.catalina.startup.VersionLoggerListener.log OS Version:            10.0
30-Sep-2017 10:51:39.292 INFO [main] org.apache.catalina.startup.VersionLoggerListener.log Architecture:          amd64
30-Sep-2017 10:51:39.292 INFO [main] org.apache.catalina.startup.VersionLoggerListener.log Java Home:             C:\Program Files\Java\jre1.8.0_144
30-Sep-2017 10:51:39.292 INFO [main] org.apache.catalina.startup.VersionLoggerListener.log JVM Version:           1.8.0_144-b01
30-Sep-2017 10:51:39.293 INFO [main] org.apache.catalina.startup.VersionLoggerListener.log JVM Vendor:            Oracle Corporation
30-Sep-2017 10:51:39.293 INFO [main] org.apache.catalina.startup.VersionLoggerListener.log CATALINA_BASE:         C:\Program Files\Apache Software Foundation\Tomcat 8.0
30-Sep-2017 10:51:39.293 INFO [main] org.apache.catalina.startup.VersionLoggerListener.log CATALINA_HOME:         C:\Program Files\Apache Software Foundation\Tomcat 8.0
30-Sep-2017 10:51:39.293 INFO [main] org.apache.catalina.startup.VersionLoggerListener.log Command line argument: -Dcatalina.home=C:\Program Files\Apache Software Foundation\Tomcat 8.0
30-Sep-2017 10:51:39.294 INFO [main] org.apache.catalina.startup.VersionLoggerListener.log Command line argument: -Dcatalina.base=C:\Program Files\Apache Software Foundation\Tomcat 8.0
30-Sep-2017 10:51:39.294 INFO [main] org.apache.catalina.startup.VersionLoggerListener.log Command line argument: -Djava.endorsed.dirs=C:\Program Files\Apache Software Foundation\Tomcat 8.0\endorsed
30-Sep-2017 10:51:39.294 INFO [main] org.apache.catalina.startup.VersionLoggerListener.log Command line argument: -Djava.io.tmpdir=C:\Program Files\Apache Software Foundation\Tomcat 8.0\temp
30-Sep-2017 10:51:39.294 INFO [main] org.apache.catalina.startup.VersionLoggerListener.log Command line argument: -Djava.util.logging.manager=org.apache.juli.ClassLoaderLogManager
30-Sep-2017 10:51:39.294 INFO [main] org.apache.catalina.startup.VersionLoggerListener.log Command line argument: -Djava.util.logging.config.file=C:\Program Files\Apache Software Foundation\Tomcat 8.0\conf\logging.properties
30-Sep-2017 10:51:39.294 INFO [main] org.apache.catalina.startup.VersionLoggerListener.log Command line argument: exit
30-Sep-2017 10:51:39.295 INFO [main] org.apache.catalina.startup.VersionLoggerListener.log Command line argument: -Xms128m
30-Sep-2017 10:51:39.295 INFO [main] org.apache.catalina.startup.VersionLoggerListener.log Command line argument: -Xmx256m
30-Sep-2017 10:51:39.295 INFO [main] org.apache.catalina.core.AprLifecycleListener.lifecycleEvent The APR based Apache Tomcat Native library which allows optimal performance in production environments was not found on the java.library.path: C:\Program Files\Apache Software Foundation\Tomcat 8.0\bin;C:\WINDOWS\Sun\Java\bin;C:\WINDOWS\system32;C:\WINDOWS;C:\ProgramData\Oracle\Java\javapath;C:\WINDOWS\system32;C:\WINDOWS;C:\WINDOWS\System32\Wbem;C:\WINDOWS\System32\WindowsPowerShell\v1.0\;C:\Program Files (x86)\GtkSharp\2.12\bin;C:\Program Files\Git\cmd;%JAVA_HOME%\bin;C:\Program Files\nodejs\;C:\WINDOWS\system32\config\systemprofile\AppData\Local\Microsoft\WindowsApps;.
30-Sep-2017 10:51:39.462 INFO [main] org.apache.coyote.AbstractProtocol.init Initializing ProtocolHandler ["http-nio-8080"]
30-Sep-2017 10:51:39.668 INFO [main] org.apache.tomcat.util.net.NioSelectorPool.getSharedSelector Using a shared selector for servlet write/read
30-Sep-2017 10:51:39.668 INFO [main] org.apache.coyote.AbstractProtocol.init Initializing ProtocolHandler ["ajp-nio-8009"]
30-Sep-2017 10:51:39.668 INFO [main] org.apache.tomcat.util.net.NioSelectorPool.getSharedSelector Using a shared selector for servlet write/read
30-Sep-2017 10:51:39.668 INFO [main] org.apache.catalina.startup.Catalina.load Initialization processed in 899 ms
30-Sep-2017 10:51:39.700 INFO [main] org.apache.catalina.core.StandardService.startInternal Starting service Catalina
30-Sep-2017 10:51:39.700 INFO [main] org.apache.catalina.core.StandardEngine.startInternal Starting Servlet Engine: Apache Tomcat/8.0.46
30-Sep-2017 10:51:39.717 INFO [localhost-startStop-1] org.apache.catalina.startup.HostConfig.deployDirectory Deploying web application directory C:\Program Files\Apache Software Foundation\Tomcat 8.0\webapps\docs
30-Sep-2017 10:51:40.096 INFO [localhost-startStop-1] org.apache.catalina.startup.HostConfig.deployDirectory Deployment of web application directory C:\Program Files\Apache Software Foundation\Tomcat 8.0\webapps\docs has finished in 381 ms
30-Sep-2017 10:51:40.097 INFO [localhost-startStop-1] org.apache.catalina.startup.HostConfig.deployDirectory Deploying web application directory C:\Program Files\Apache Software Foundation\Tomcat 8.0\webapps\examples
30-Sep-2017 10:51:40.594 INFO [localhost-startStop-1] org.apache.catalina.startup.HostConfig.deployDirectory Deployment of web application directory C:\Program Files\Apache Software Foundation\Tomcat 8.0\webapps\examples has finished in 497 ms
30-Sep-2017 10:51:40.594 INFO [localhost-startStop-1] org.apache.catalina.startup.HostConfig.deployDirectory Deploying web application directory C:\Program Files\Apache Software Foundation\Tomcat 8.0\webapps\manager
30-Sep-2017 10:51:40.637 INFO [localhost-startStop-1] org.apache.catalina.startup.HostConfig.deployDirectory Deployment of web application directory C:\Program Files\Apache Software Foundation\Tomcat 8.0\webapps\manager has finished in 43 ms
30-Sep-2017 10:51:40.637 INFO [localhost-startStop-1] org.apache.catalina.startup.HostConfig.deployDirectory Deploying web application directory C:\Program Files\Apache Software Foundation\Tomcat 8.0\webapps\ROOT
30-Sep-2017 10:51:40.667 INFO [localhost-startStop-1] org.apache.catalina.startup.HostConfig.deployDirectory Deployment of web application directory C:\Program Files\Apache Software Foundation\Tomcat 8.0\webapps\ROOT has finished in 30 ms
30-Sep-2017 10:51:40.671 INFO [main] org.apache.coyote.AbstractProtocol.start Starting ProtocolHandler ["http-nio-8080"]
30-Sep-2017 10:51:40.683 INFO [main] org.apache.coyote.AbstractProtocol.start Starting ProtocolHandler ["ajp-nio-8009"]
30-Sep-2017 10:51:40.686 INFO [main] org.apache.catalina.startup.Catalina.start Server startup in 1009 ms
30-Sep-2017 10:57:45.301 INFO [Thread-6] org.apache.coyote.AbstractProtocol.pause Pausing ProtocolHandler ["http-nio-8080"]
30-Sep-2017 10:57:45.354 INFO [Thread-6] org.apache.coyote.AbstractProtocol.pause Pausing ProtocolHandler ["ajp-nio-8009"]
30-Sep-2017 10:57:45.417 INFO [Thread-6] org.apache.catalina.core.StandardService.stopInternal Stopping service Catalina
30-Sep-2017 10:57:45.439 INFO [Thread-6] org.apache.coyote.AbstractProtocol.stop Stopping ProtocolHandler ["http-nio-8080"]
30-Sep-2017 10:57:45.439 INFO [Thread-6] org.apache.coyote.AbstractProtocol.stop Stopping ProtocolHandler ["ajp-nio-8009"]

2017-09-30 10:59:13 Commons Daemon procrun stderr initialized
30-Sep-2017 10:59:13.919 INFO [main] org.apache.catalina.startup.VersionLoggerListener.log Server version:        Apache Tomcat/8.0.46
30-Sep-2017 10:59:13.935 INFO [main] org.apache.catalina.startup.VersionLoggerListener.log Server built:          Aug 10 2017 10:10:31 UTC
30-Sep-2017 10:59:13.935 INFO [main] org.apache.catalina.startup.VersionLoggerListener.log Server number:         8.0.46.0
30-Sep-2017 10:59:13.935 INFO [main] org.apache.catalina.startup.VersionLoggerListener.log OS Name:               Windows 10
30-Sep-2017 10:59:13.935 INFO [main] org.apache.catalina.startup.VersionLoggerListener.log OS Version:            10.0
30-Sep-2017 10:59:13.935 INFO [main] org.apache.catalina.startup.VersionLoggerListener.log Architecture:          amd64
30-Sep-2017 10:59:13.935 INFO [main] org.apache.catalina.startup.VersionLoggerListener.log Java Home:             C:\Program Files\Java\jre1.8.0_144
30-Sep-2017 10:59:13.935 INFO [main] org.apache.catalina.startup.VersionLoggerListener.log JVM Version:           1.8.0_144-b01
30-Sep-2017 10:59:13.935 INFO [main] org.apache.catalina.startup.VersionLoggerListener.log JVM Vendor:            Oracle Corporation
30-Sep-2017 10:59:13.935 INFO [main] org.apache.catalina.startup.VersionLoggerListener.log CATALINA_BASE:         C:\Program Files\Apache Software Foundation\Tomcat 8.0
30-Sep-2017 10:59:13.935 INFO [main] org.apache.catalina.startup.VersionLoggerListener.log CATALINA_HOME:         C:\Program Files\Apache Software Foundation\Tomcat 8.0
30-Sep-2017 10:59:13.935 INFO [main] org.apache.catalina.startup.VersionLoggerListener.log Command line argument: -Dcatalina.home=C:\Program Files\Apache Software Foundation\Tomcat 8.0
30-Sep-2017 10:59:13.935 INFO [main] org.apache.catalina.startup.VersionLoggerListener.log Command line argument: -Dcatalina.base=C:\Program Files\Apache Software Foundation\Tomcat 8.0
30-Sep-2017 10:59:13.935 INFO [main] org.apache.catalina.startup.VersionLoggerListener.log Command line argument: -Djava.endorsed.dirs=C:\Program Files\Apache Software Foundation\Tomcat 8.0\endorsed
30-Sep-2017 10:59:13.935 INFO [main] org.apache.catalina.startup.VersionLoggerListener.log Command line argument: -Djava.io.tmpdir=C:\Program Files\Apache Software Foundation\Tomcat 8.0\temp
30-Sep-2017 10:59:13.935 INFO [main] org.apache.catalina.startup.VersionLoggerListener.log Command line argument: -Djava.util.logging.manager=org.apache.juli.ClassLoaderLogManager
30-Sep-2017 10:59:13.935 INFO [main] org.apache.catalina.startup.VersionLoggerListener.log Command line argument: -Djava.util.logging.config.file=C:\Program Files\Apache Software Foundation\Tomcat 8.0\conf\logging.properties
30-Sep-2017 10:59:13.935 INFO [main] org.apache.catalina.startup.VersionLoggerListener.log Command line argument: exit
30-Sep-2017 10:59:13.935 INFO [main] org.apache.catalina.startup.VersionLoggerListener.log Command line argument: -Xms128m
30-Sep-2017 10:59:13.935 INFO [main] org.apache.catalina.startup.VersionLoggerListener.log Command line argument: -Xmx256m
30-Sep-2017 10:59:13.935 INFO [main] org.apache.catalina.core.AprLifecycleListener.lifecycleEvent The APR based Apache Tomcat Native library which allows optimal performance in production environments was not found on the java.library.path: C:\Program Files\Apache Software Foundation\Tomcat 8.0\bin;C:\WINDOWS\Sun\Java\bin;C:\WINDOWS\system32;C:\WINDOWS;C:\ProgramData\Oracle\Java\javapath;C:\WINDOWS\system32;C:\WINDOWS;C:\WINDOWS\System32\Wbem;C:\WINDOWS\System32\WindowsPowerShell\v1.0\;C:\Program Files (x86)\GtkSharp\2.12\bin;C:\Program Files\Git\cmd;%JAVA_HOME%\bin;C:\Program Files\nodejs\;C:\WINDOWS\system32\config\systemprofile\AppData\Local\Microsoft\WindowsApps;.
30-Sep-2017 10:59:14.135 INFO [main] org.apache.coyote.AbstractProtocol.init Initializing ProtocolHandler ["http-nio-8080"]
30-Sep-2017 10:59:14.289 INFO [main] org.apache.tomcat.util.net.NioSelectorPool.getSharedSelector Using a shared selector for servlet write/read
30-Sep-2017 10:59:14.289 INFO [main] org.apache.coyote.AbstractProtocol.init Initializing ProtocolHandler ["ajp-nio-8009"]
30-Sep-2017 10:59:14.305 INFO [main] org.apache.tomcat.util.net.NioSelectorPool.getSharedSelector Using a shared selector for servlet write/read
30-Sep-2017 10:59:14.305 INFO [main] org.apache.catalina.startup.Catalina.load Initialization processed in 799 ms
30-Sep-2017 10:59:14.320 INFO [main] org.apache.catalina.core.StandardService.startInternal Starting service Catalina
30-Sep-2017 10:59:14.320 INFO [main] org.apache.catalina.core.StandardEngine.startInternal Starting Servlet Engine: Apache Tomcat/8.0.46
30-Sep-2017 10:59:14.336 INFO [localhost-startStop-1] org.apache.catalina.startup.HostConfig.deployDirectory Deploying web application directory C:\Program Files\Apache Software Foundation\Tomcat 8.0\webapps\docs
30-Sep-2017 10:59:14.706 INFO [localhost-startStop-1] org.apache.catalina.startup.HostConfig.deployDirectory Deployment of web application directory C:\Program Files\Apache Software Foundation\Tomcat 8.0\webapps\docs has finished in 370 ms
30-Sep-2017 10:59:14.706 INFO [localhost-startStop-1] org.apache.catalina.startup.HostConfig.deployDirectory Deploying web application directory C:\Program Files\Apache Software Foundation\Tomcat 8.0\webapps\examples
30-Sep-2017 10:59:15.306 INFO [localhost-startStop-1] org.apache.catalina.startup.HostConfig.deployDirectory Deployment of web application directory C:\Program Files\Apache Software Foundation\Tomcat 8.0\webapps\examples has finished in 599 ms
30-Sep-2017 10:59:15.306 INFO [localhost-startStop-1] org.apache.catalina.startup.HostConfig.deployDirectory Deploying web application directory C:\Program Files\Apache Software Foundation\Tomcat 8.0\webapps\manager
30-Sep-2017 10:59:15.352 INFO [localhost-startStop-1] org.apache.catalina.startup.HostConfig.deployDirectory Deployment of web application directory C:\Program Files\Apache Software Foundation\Tomcat 8.0\webapps\manager has finished in 46 ms
30-Sep-2017 10:59:15.353 INFO [localhost-startStop-1] org.apache.catalina.startup.HostConfig.deployDirectory Deploying web application directory C:\Program Files\Apache Software Foundation\Tomcat 8.0\webapps\ROOT
30-Sep-2017 10:59:15.387 INFO [localhost-startStop-1] org.apache.catalina.startup.HostConfig.deployDirectory Deployment of web application directory C:\Program Files\Apache Software Foundation\Tomcat 8.0\webapps\ROOT has finished in 34 ms
30-Sep-2017 10:59:15.391 INFO [main] org.apache.coyote.AbstractProtocol.start Starting ProtocolHandler ["http-nio-8080"]
30-Sep-2017 10:59:15.402 INFO [main] org.apache.coyote.AbstractProtocol.start Starting ProtocolHandler ["ajp-nio-8009"]
30-Sep-2017 10:59:15.405 INFO [main] org.apache.catalina.startup.Catalina.start Server startup in 1099 ms
30-Sep-2017 12:30:52.421 SEVERE [http-nio-8080-exec-2] websocket.chat.ChatAnnotation.onError Chat Error: java.io.IOException: Программа на вашем хост-компьютере разорвала установленное подключение
 java.io.IOException: Программа на вашем хост-компьютере разорвала установленное подключение
	at sun.nio.ch.SocketDispatcher.write0(Native Method)
	at sun.nio.ch.SocketDispatcher.write(Unknown Source)
	at sun.nio.ch.IOUtil.writeFromNativeBuffer(Unknown Source)
	at sun.nio.ch.IOUtil.write(Unknown Source)
	at sun.nio.ch.SocketChannelImpl.write(Unknown Source)
	at org.apache.tomcat.util.net.NioChannel.write(NioChannel.java:124)
	at org.apache.tomcat.util.net.NioSelectorPool.write(NioSelectorPool.java:183)
	at org.apache.coyote.http11.upgrade.NioServletOutputStream.doWriteInternal(NioServletOutputStream.java:94)
	at org.apache.coyote.http11.upgrade.NioServletOutputStream.doWrite(NioServletOutputStream.java:61)
	at org.apache.coyote.http11.upgrade.AbstractServletOutputStream.writeInternal(AbstractServletOutputStream.java:165)
	at org.apache.coyote.http11.upgrade.AbstractServletOutputStream.write(AbstractServletOutputStream.java:132)
	at org.apache.tomcat.websocket.server.WsRemoteEndpointImplServer.onWritePossible(WsRemoteEndpointImplServer.java:98)
	at org.apache.tomcat.websocket.server.WsRemoteEndpointImplServer.doWrite(WsRemoteEndpointImplServer.java:79)
	at org.apache.tomcat.websocket.WsRemoteEndpointImplBase.writeMessagePart(WsRemoteEndpointImplBase.java:453)
	at org.apache.tomcat.websocket.WsRemoteEndpointImplBase.startMessage(WsRemoteEndpointImplBase.java:341)
	at org.apache.tomcat.websocket.WsRemoteEndpointImplBase.startMessageBlock(WsRemoteEndpointImplBase.java:273)
	at org.apache.tomcat.websocket.WsSession.sendCloseMessage(WsSession.java:600)
	at org.apache.tomcat.websocket.WsSession.onClose(WsSession.java:522)
	at org.apache.tomcat.websocket.WsFrameBase.processDataControl(WsFrameBase.java:348)
	at org.apache.tomcat.websocket.WsFrameBase.processData(WsFrameBase.java:290)
	at org.apache.tomcat.websocket.WsFrameBase.processInputBuffer(WsFrameBase.java:131)
	at org.apache.tomcat.websocket.server.WsFrameServer.onDataAvailable(WsFrameServer.java:71)
	at org.apache.tomcat.websocket.server.WsHttpUpgradeHandler$WsReadListener.onDataAvailable(WsHttpUpgradeHandler.java:185)
	at org.apache.coyote.http11.upgrade.AbstractServletInputStream.onDataAvailable(AbstractServletInputStream.java:198)
	at org.apache.coyote.http11.upgrade.AbstractProcessor.upgradeDispatch(AbstractProcessor.java:96)
	at org.apache.coyote.AbstractProtocol$AbstractConnectionHandler.process(AbstractProtocol.java:661)
	at org.apache.tomcat.util.net.NioEndpoint$SocketProcessor.doRun(NioEndpoint.java:1539)
	at org.apache.tomcat.util.net.NioEndpoint$SocketProcessor.run(NioEndpoint.java:1495)
	at java.util.concurrent.ThreadPoolExecutor.runWorker(Unknown Source)
	at java.util.concurrent.ThreadPoolExecutor$Worker.run(Unknown Source)
	at org.apache.tomcat.util.threads.TaskThread$WrappingRunnable.run(TaskThread.java:61)
	at java.lang.Thread.run(Unknown Source)

30-Sep-2017 12:31:10.009 SEVERE [http-nio-8080-exec-1] org.apache.tomcat.websocket.pojo.PojoEndpointBase.onError Failed to call onError method of POJO end point for POJO of type [websocket.snake.SnakeAnnotation]
 java.lang.reflect.InvocationTargetException
	at sun.reflect.NativeMethodAccessorImpl.invoke0(Native Method)
	at sun.reflect.NativeMethodAccessorImpl.invoke(Unknown Source)
	at sun.reflect.DelegatingMethodAccessorImpl.invoke(Unknown Source)
	at java.lang.reflect.Method.invoke(Unknown Source)
	at org.apache.tomcat.websocket.pojo.PojoEndpointBase.onError(PojoEndpointBase.java:134)
	at org.apache.tomcat.websocket.WsSession.sendCloseMessage(WsSession.java:613)
	at org.apache.tomcat.websocket.WsSession.onClose(WsSession.java:522)
	at org.apache.tomcat.websocket.WsFrameBase.processDataControl(WsFrameBase.java:348)
	at org.apache.tomcat.websocket.WsFrameBase.processData(WsFrameBase.java:290)
	at org.apache.tomcat.websocket.WsFrameBase.processInputBuffer(WsFrameBase.java:131)
	at org.apache.tomcat.websocket.server.WsFrameServer.onDataAvailable(WsFrameServer.java:71)
	at org.apache.tomcat.websocket.server.WsHttpUpgradeHandler$WsReadListener.onDataAvailable(WsHttpUpgradeHandler.java:185)
	at org.apache.coyote.http11.upgrade.AbstractServletInputStream.onDataAvailable(AbstractServletInputStream.java:198)
	at org.apache.coyote.http11.upgrade.AbstractProcessor.upgradeDispatch(AbstractProcessor.java:96)
	at org.apache.coyote.AbstractProtocol$AbstractConnectionHandler.process(AbstractProtocol.java:661)
	at org.apache.tomcat.util.net.NioEndpoint$SocketProcessor.doRun(NioEndpoint.java:1539)
	at org.apache.tomcat.util.net.NioEndpoint$SocketProcessor.run(NioEndpoint.java:1495)
	at java.util.concurrent.ThreadPoolExecutor.runWorker(Unknown Source)
	at java.util.concurrent.ThreadPoolExecutor$Worker.run(Unknown Source)
	at org.apache.tomcat.util.threads.TaskThread$WrappingRunnable.run(TaskThread.java:61)
	at java.lang.Thread.run(Unknown Source)
Caused by: java.io.IOException: Программа на вашем хост-компьютере разорвала установленное подключение
	at sun.nio.ch.SocketDispatcher.write0(Native Method)
	at sun.nio.ch.SocketDispatcher.write(Unknown Source)
	at sun.nio.ch.IOUtil.writeFromNativeBuffer(Unknown Source)
	at sun.nio.ch.IOUtil.write(Unknown Source)
	at sun.nio.ch.SocketChannelImpl.write(Unknown Source)
	at org.apache.tomcat.util.net.NioChannel.write(NioChannel.java:124)
	at org.apache.tomcat.util.net.NioSelectorPool.write(NioSelectorPool.java:183)
	at org.apache.coyote.http11.upgrade.NioServletOutputStream.doWriteInternal(NioServletOutputStream.java:94)
	at org.apache.coyote.http11.upgrade.NioServletOutputStream.doWrite(NioServletOutputStream.java:61)
	at org.apache.coyote.http11.upgrade.AbstractServletOutputStream.writeInternal(AbstractServletOutputStream.java:165)
	at org.apache.coyote.http11.upgrade.AbstractServletOutputStream.write(AbstractServletOutputStream.java:132)
	at org.apache.tomcat.websocket.server.WsRemoteEndpointImplServer.onWritePossible(WsRemoteEndpointImplServer.java:98)
	at org.apache.tomcat.websocket.server.WsRemoteEndpointImplServer.doWrite(WsRemoteEndpointImplServer.java:79)
	at org.apache.tomcat.websocket.WsRemoteEndpointImplBase.writeMessagePart(WsRemoteEndpointImplBase.java:453)
	at org.apache.tomcat.websocket.WsRemoteEndpointImplBase.startMessage(WsRemoteEndpointImplBase.java:341)
	at org.apache.tomcat.websocket.WsRemoteEndpointImplBase.startMessageBlock(WsRemoteEndpointImplBase.java:273)
	at org.apache.tomcat.websocket.WsSession.sendCloseMessage(WsSession.java:600)
	... 15 more

30-Sep-2017 12:31:23.176 SEVERE [http-nio-8080-exec-6] websocket.drawboard.DrawboardEndpoint.onError onError: java.io.IOException: Программа на вашем хост-компьютере разорвала установленное подключение
 java.io.IOException: Программа на вашем хост-компьютере разорвала установленное подключение
	at sun.nio.ch.SocketDispatcher.write0(Native Method)
	at sun.nio.ch.SocketDispatcher.write(Unknown Source)
	at sun.nio.ch.IOUtil.writeFromNativeBuffer(Unknown Source)
	at sun.nio.ch.IOUtil.write(Unknown Source)
	at sun.nio.ch.SocketChannelImpl.write(Unknown Source)
	at org.apache.tomcat.util.net.NioChannel.write(NioChannel.java:124)
	at org.apache.tomcat.util.net.NioSelectorPool.write(NioSelectorPool.java:183)
	at org.apache.coyote.http11.upgrade.NioServletOutputStream.doWriteInternal(NioServletOutputStream.java:94)
	at org.apache.coyote.http11.upgrade.NioServletOutputStream.doWrite(NioServletOutputStream.java:61)
	at org.apache.coyote.http11.upgrade.AbstractServletOutputStream.writeInternal(AbstractServletOutputStream.java:165)
	at org.apache.coyote.http11.upgrade.AbstractServletOutputStream.write(AbstractServletOutputStream.java:132)
	at org.apache.tomcat.websocket.server.WsRemoteEndpointImplServer.onWritePossible(WsRemoteEndpointImplServer.java:98)
	at org.apache.tomcat.websocket.server.WsRemoteEndpointImplServer.doWrite(WsRemoteEndpointImplServer.java:79)
	at org.apache.tomcat.websocket.WsRemoteEndpointImplBase.writeMessagePart(WsRemoteEndpointImplBase.java:453)
	at org.apache.tomcat.websocket.WsRemoteEndpointImplBase.startMessage(WsRemoteEndpointImplBase.java:341)
	at org.apache.tomcat.websocket.WsRemoteEndpointImplBase.startMessageBlock(WsRemoteEndpointImplBase.java:273)
	at org.apache.tomcat.websocket.WsSession.sendCloseMessage(WsSession.java:600)
	at org.apache.tomcat.websocket.WsSession.onClose(WsSession.java:522)
	at org.apache.tomcat.websocket.WsFrameBase.processDataControl(WsFrameBase.java:348)
	at org.apache.tomcat.websocket.WsFrameBase.processData(WsFrameBase.java:290)
	at org.apache.tomcat.websocket.WsFrameBase.processInputBuffer(WsFrameBase.java:131)
	at org.apache.tomcat.websocket.server.WsFrameServer.onDataAvailable(WsFrameServer.java:71)
	at org.apache.tomcat.websocket.server.WsHttpUpgradeHandler$WsReadListener.onDataAvailable(WsHttpUpgradeHandler.java:185)
	at org.apache.coyote.http11.upgrade.AbstractServletInputStream.onDataAvailable(AbstractServletInputStream.java:198)
	at org.apache.coyote.http11.upgrade.AbstractProcessor.upgradeDispatch(AbstractProcessor.java:96)
	at org.apache.coyote.AbstractProtocol$AbstractConnectionHandler.process(AbstractProtocol.java:661)
	at org.apache.tomcat.util.net.NioEndpoint$SocketProcessor.doRun(NioEndpoint.java:1539)
	at org.apache.tomcat.util.net.NioEndpoint$SocketProcessor.run(NioEndpoint.java:1495)
	at java.util.concurrent.ThreadPoolExecutor.runWorker(Unknown Source)
	at java.util.concurrent.ThreadPoolExecutor$Worker.run(Unknown Source)
	at org.apache.tomcat.util.threads.TaskThread$WrappingRunnable.run(TaskThread.java:61)
	at java.lang.Thread.run(Unknown Source)

30-Sep-2017 12:31:30.574 SEVERE [http-nio-8080-exec-9] websocket.drawboard.DrawboardEndpoint.onError onError: java.io.IOException: Программа на вашем хост-компьютере разорвала установленное подключение
 java.io.IOException: Программа на вашем хост-компьютере разорвала установленное подключение
	at sun.nio.ch.SocketDispatcher.write0(Native Method)
	at sun.nio.ch.SocketDispatcher.write(Unknown Source)
	at sun.nio.ch.IOUtil.writeFromNativeBuffer(Unknown Source)
	at sun.nio.ch.IOUtil.write(Unknown Source)
	at sun.nio.ch.SocketChannelImpl.write(Unknown Source)
	at org.apache.tomcat.util.net.NioChannel.write(NioChannel.java:124)
	at org.apache.tomcat.util.net.NioSelectorPool.write(NioSelectorPool.java:183)
	at org.apache.coyote.http11.upgrade.NioServletOutputStream.doWriteInternal(NioServletOutputStream.java:94)
	at org.apache.coyote.http11.upgrade.NioServletOutputStream.doWrite(NioServletOutputStream.java:61)
	at org.apache.coyote.http11.upgrade.AbstractServletOutputStream.writeInternal(AbstractServletOutputStream.java:165)
	at org.apache.coyote.http11.upgrade.AbstractServletOutputStream.write(AbstractServletOutputStream.java:132)
	at org.apache.tomcat.websocket.server.WsRemoteEndpointImplServer.onWritePossible(WsRemoteEndpointImplServer.java:98)
	at org.apache.tomcat.websocket.server.WsRemoteEndpointImplServer.doWrite(WsRemoteEndpointImplServer.java:79)
	at org.apache.tomcat.websocket.WsRemoteEndpointImplBase.writeMessagePart(WsRemoteEndpointImplBase.java:453)
	at org.apache.tomcat.websocket.WsRemoteEndpointImplBase.startMessage(WsRemoteEndpointImplBase.java:341)
	at org.apache.tomcat.websocket.WsRemoteEndpointImplBase.startMessageBlock(WsRemoteEndpointImplBase.java:273)
	at org.apache.tomcat.websocket.WsSession.sendCloseMessage(WsSession.java:600)
	at org.apache.tomcat.websocket.WsSession.onClose(WsSession.java:522)
	at org.apache.tomcat.websocket.WsFrameBase.processDataControl(WsFrameBase.java:348)
	at org.apache.tomcat.websocket.WsFrameBase.processData(WsFrameBase.java:290)
	at org.apache.tomcat.websocket.WsFrameBase.processInputBuffer(WsFrameBase.java:131)
	at org.apache.tomcat.websocket.server.WsFrameServer.onDataAvailable(WsFrameServer.java:71)
	at org.apache.tomcat.websocket.server.WsHttpUpgradeHandler$WsReadListener.onDataAvailable(WsHttpUpgradeHandler.java:185)
	at org.apache.coyote.http11.upgrade.AbstractServletInputStream.onDataAvailable(AbstractServletInputStream.java:198)
	at org.apache.coyote.http11.upgrade.AbstractProcessor.upgradeDispatch(AbstractProcessor.java:96)
	at org.apache.coyote.AbstractProtocol$AbstractConnectionHandler.process(AbstractProtocol.java:661)
	at org.apache.tomcat.util.net.NioEndpoint$SocketProcessor.doRun(NioEndpoint.java:1539)
	at org.apache.tomcat.util.net.NioEndpoint$SocketProcessor.run(NioEndpoint.java:1495)
	at java.util.concurrent.ThreadPoolExecutor.runWorker(Unknown Source)
	at java.util.concurrent.ThreadPoolExecutor$Worker.run(Unknown Source)
	at org.apache.tomcat.util.threads.TaskThread$WrappingRunnable.run(TaskThread.java:61)
	at java.lang.Thread.run(Unknown Source)

30-Sep-2017 12:33:17.101 SEVERE [http-nio-8080-exec-8] websocket.drawboard.DrawboardEndpoint.onError onError: java.io.IOException: Программа на вашем хост-компьютере разорвала установленное подключение
 java.io.IOException: Программа на вашем хост-компьютере разорвала установленное подключение
	at sun.nio.ch.SocketDispatcher.write0(Native Method)
	at sun.nio.ch.SocketDispatcher.write(Unknown Source)
	at sun.nio.ch.IOUtil.writeFromNativeBuffer(Unknown Source)
	at sun.nio.ch.IOUtil.write(Unknown Source)
	at sun.nio.ch.SocketChannelImpl.write(Unknown Source)
	at org.apache.tomcat.util.net.NioChannel.write(NioChannel.java:124)
	at org.apache.tomcat.util.net.NioSelectorPool.write(NioSelectorPool.java:183)
	at org.apache.coyote.http11.upgrade.NioServletOutputStream.doWriteInternal(NioServletOutputStream.java:94)
	at org.apache.coyote.http11.upgrade.NioServletOutputStream.doWrite(NioServletOutputStream.java:61)
	at org.apache.coyote.http11.upgrade.AbstractServletOutputStream.writeInternal(AbstractServletOutputStream.java:165)
	at org.apache.coyote.http11.upgrade.AbstractServletOutputStream.write(AbstractServletOutputStream.java:132)
	at org.apache.tomcat.websocket.server.WsRemoteEndpointImplServer.onWritePossible(WsRemoteEndpointImplServer.java:98)
	at org.apache.tomcat.websocket.server.WsRemoteEndpointImplServer.doWrite(WsRemoteEndpointImplServer.java:79)
	at org.apache.tomcat.websocket.WsRemoteEndpointImplBase.writeMessagePart(WsRemoteEndpointImplBase.java:453)
	at org.apache.tomcat.websocket.WsRemoteEndpointImplBase.startMessage(WsRemoteEndpointImplBase.java:341)
	at org.apache.tomcat.websocket.WsRemoteEndpointImplBase.startMessageBlock(WsRemoteEndpointImplBase.java:273)
	at org.apache.tomcat.websocket.WsSession.sendCloseMessage(WsSession.java:600)
	at org.apache.tomcat.websocket.WsSession.onClose(WsSession.java:522)
	at org.apache.tomcat.websocket.WsFrameBase.processDataControl(WsFrameBase.java:348)
	at org.apache.tomcat.websocket.WsFrameBase.processData(WsFrameBase.java:290)
	at org.apache.tomcat.websocket.WsFrameBase.processInputBuffer(WsFrameBase.java:131)
	at org.apache.tomcat.websocket.server.WsFrameServer.onDataAvailable(WsFrameServer.java:71)
	at org.apache.tomcat.websocket.server.WsHttpUpgradeHandler$WsReadListener.onDataAvailable(WsHttpUpgradeHandler.java:185)
	at org.apache.coyote.http11.upgrade.AbstractServletInputStream.onDataAvailable(AbstractServletInputStream.java:198)
	at org.apache.coyote.http11.upgrade.AbstractProcessor.upgradeDispatch(AbstractProcessor.java:96)
	at org.apache.coyote.AbstractProtocol$AbstractConnectionHandler.process(AbstractProtocol.java:661)
	at org.apache.tomcat.util.net.NioEndpoint$SocketProcessor.doRun(NioEndpoint.java:1539)
	at org.apache.tomcat.util.net.NioEndpoint$SocketProcessor.run(NioEndpoint.java:1495)
	at java.util.concurrent.ThreadPoolExecutor.runWorker(Unknown Source)
	at java.util.concurrent.ThreadPoolExecutor$Worker.run(Unknown Source)
	at org.apache.tomcat.util.threads.TaskThread$WrappingRunnable.run(TaskThread.java:61)
	at java.lang.Thread.run(Unknown Source)

